<?xml version="1.0" encoding="UTF-8"?>
<!-- Generated by org.testng.reporters.JUnitReportReporter -->
<testsuite hostname="BDC8-LX-DK3M0X2" failures="0" tests="1" name="BaseDriver.BaseClass" time="15.946" errors="0" timestamp="2020-03-11T18:39:34 IST" skipped="0">
  <testcase classname="BaseDriver.BaseClass" name="openBrowser" time="15.946"/>
</testsuite> <!-- BaseDriver.BaseClass -->
